# Logfile created on 2011-06-16 20:34:50 +0700 by logger.rb/25413
  [1m[36mSQL (0.2ms)[0m  [1m SELECT name
 FROM sqlite_master
 WHERE type = 'table' AND NOT name = 'sqlite_sequence'
[0m
  [1m[35mAREL (0.3ms)[0m  INSERT INTO "items" ("price_in_cents", "price_currency", "balance_in_cents", "balance_currency", "money_in_cents", "money_currency") VALUES (0, 'RUB', 0, 'RUB', 0, 'RUB')
  [1m[36mAREL (0.2ms)[0m  [1mINSERT INTO "items" ("price_in_cents", "price_currency", "balance_in_cents", "balance_currency", "money_in_cents", "money_currency") VALUES (0, 'RUB', 0, 'RUB', 0, 'RUB')[0m
  [1m[36mSQL (0.2ms)[0m  [1m SELECT name
 FROM sqlite_master
 WHERE type = 'table' AND NOT name = 'sqlite_sequence'
[0m
  [1m[35mAREL (0.4ms)[0m  INSERT INTO "items" ("price_in_cents", "price_currency", "balance_in_cents", "balance_currency", "money_in_cents", "money_currency") VALUES (0, 'RUB', 0, 'RUB', 0, 'RUB')
  [1m[36mAREL (0.4ms)[0m  [1mINSERT INTO "items" ("price_in_cents", "price_currency", "balance_in_cents", "balance_currency", "money_in_cents", "money_currency") VALUES (0, 'RUB', 0, 'RUB', 0, 'RUB')[0m
  [1m[36mSQL (0.1ms)[0m  [1m SELECT name
 FROM sqlite_master
 WHERE type = 'table' AND NOT name = 'sqlite_sequence'
[0m
  [1m[35mAREL (0.3ms)[0m  INSERT INTO "items" ("price_in_cents", "price_currency", "balance_in_cents", "balance_currency", "money_in_cents", "money_currency") VALUES (0, 'RUB', 0, 'THB', 0, 'RUB')
  [1m[36mAREL (0.2ms)[0m  [1mINSERT INTO "items" ("price_in_cents", "price_currency", "balance_in_cents", "balance_currency", "money_in_cents", "money_currency") VALUES (0, 'RUB', 0, 'THB', 0, 'RUB')[0m
  [1m[36mSQL (0.2ms)[0m  [1m SELECT name
 FROM sqlite_master
 WHERE type = 'table' AND NOT name = 'sqlite_sequence'
[0m
  [1m[35mAREL (0.3ms)[0m  INSERT INTO "items" ("price_in_cents", "price_currency", "balance_in_cents", "balance_currency", "money_in_cents", "money_currency") VALUES (0, 'RUB', 0, 'THB', 0, 'RUB')
  [1m[36mAREL (0.3ms)[0m  [1mINSERT INTO "items" ("price_in_cents", "price_currency", "balance_in_cents", "balance_currency", "money_in_cents", "money_currency") VALUES (0, 'RUB', 0, 'THB', 0, 'RUB')[0m
  [1m[36mSQL (0.2ms)[0m  [1m SELECT name
 FROM sqlite_master
 WHERE type = 'table' AND NOT name = 'sqlite_sequence'
[0m
  [1m[35mAREL (0.3ms)[0m  INSERT INTO "items" ("price_in_cents", "price_currency", "balance_in_cents", "balance_currency", "money_in_cents", "money_currency") VALUES (0, 'RUB', 0, 'THB', 0, 'RUB')
  [1m[36mAREL (0.3ms)[0m  [1mINSERT INTO "items" ("price_in_cents", "price_currency", "balance_in_cents", "balance_currency", "money_in_cents", "money_currency") VALUES (0, 'RUB', 0, 'THB', 0, 'RUB')[0m
  [1m[36mSQL (0.2ms)[0m  [1m SELECT name
 FROM sqlite_master
 WHERE type = 'table' AND NOT name = 'sqlite_sequence'
[0m
  [1m[35mAREL (0.3ms)[0m  INSERT INTO "items" ("price_in_cents", "price_currency", "balance_in_cents", "balance_currency", "custom_money_amount", "custom_money_currency") VALUES (0, 'RUB', 0, 'THB', NULL, NULL)
  [1m[36mAREL (0.3ms)[0m  [1mINSERT INTO "items" ("price_in_cents", "price_currency", "balance_in_cents", "balance_currency", "custom_money_amount", "custom_money_currency") VALUES (0, 'RUB', 0, 'THB', NULL, NULL)[0m
  [1m[36mSQL (0.1ms)[0m  [1m SELECT name
 FROM sqlite_master
 WHERE type = 'table' AND NOT name = 'sqlite_sequence'
[0m
  [1m[35mAREL (0.3ms)[0m  INSERT INTO "items" ("price_in_cents", "price_currency", "balance_in_cents", "balance_currency", "custom_money_amount", "custom_money_currency") VALUES (0, 'RUB', 0, 'THB', NULL, NULL)
  [1m[36mAREL (0.3ms)[0m  [1mINSERT INTO "items" ("price_in_cents", "price_currency", "balance_in_cents", "balance_currency", "custom_money_amount", "custom_money_currency") VALUES (0, 'RUB', 0, 'THB', NULL, NULL)[0m
  [1m[35mAREL (0.3ms)[0m  INSERT INTO "items" ("price_in_cents", "price_currency", "balance_in_cents", "balance_currency", "custom_money_amount", "custom_money_currency") VALUES (0, 'RUB', 0, 'THB', 50000, 'RUB')
  [1m[36mSQL (0.1ms)[0m  [1m SELECT name
 FROM sqlite_master
 WHERE type = 'table' AND NOT name = 'sqlite_sequence'
[0m
  [1m[35mAREL (0.3ms)[0m  INSERT INTO "items" ("price_in_cents", "price_currency", "balance_in_cents", "balance_currency", "custom_money_amount", "custom_money_currency") VALUES (0, 'RUB', 0, 'THB', NULL, NULL)
  [1m[36mAREL (0.2ms)[0m  [1mINSERT INTO "items" ("price_in_cents", "price_currency", "balance_in_cents", "balance_currency", "custom_money_amount", "custom_money_currency") VALUES (0, 'RUB', 0, 'THB', NULL, NULL)[0m
  [1m[35mAREL (0.3ms)[0m  INSERT INTO "items" ("price_in_cents", "price_currency", "balance_in_cents", "balance_currency", "custom_money_amount", "custom_money_currency") VALUES (0, 'RUB', 0, 'THB', 50000, 'RUB')
  [1m[36mSQL (0.1ms)[0m  [1m SELECT name
 FROM sqlite_master
 WHERE type = 'table' AND NOT name = 'sqlite_sequence'
[0m
  [1m[35mAREL (0.3ms)[0m  INSERT INTO "items" ("price_in_cents", "price_currency", "balance_in_cents", "balance_currency", "custom_money_amount", "custom_money_currency") VALUES (0, 'RUB', 0, 'THB', NULL, NULL)
  [1m[36mAREL (0.2ms)[0m  [1mINSERT INTO "items" ("price_in_cents", "price_currency", "balance_in_cents", "balance_currency", "custom_money_amount", "custom_money_currency") VALUES (0, 'RUB', 0, 'THB', NULL, NULL)[0m
  [1m[35mAREL (0.3ms)[0m  INSERT INTO "items" ("price_in_cents", "price_currency", "balance_in_cents", "balance_currency", "custom_money_amount", "custom_money_currency") VALUES (0, 'RUB', 0, 'THB', 50000, 'RUB')
  [1m[36mSQL (0.1ms)[0m  [1m SELECT name
 FROM sqlite_master
 WHERE type = 'table' AND NOT name = 'sqlite_sequence'
[0m
  [1m[35mAREL (0.3ms)[0m  INSERT INTO "items" ("price_in_cents", "price_currency", "balance_in_cents", "balance_currency", "custom_money_amount", "custom_money_currency") VALUES (0, 'RUB', 0, 'THB', 50000, 'RUB')
